G:\GJPX\DataImport2010\DataImport2010\Debug\cl.command.1.tlog
G:\GJPX\DataImport2010\DataImport2010\Debug\CL.read.1.tlog
G:\GJPX\DataImport2010\DataImport2010\Debug\CL.write.1.tlog
G:\GJPX\DATAIMPORT2010\DATAIMPORT2010\DEBUG\DATAIMPORT.OBJ
G:\GJPX\DATAIMPORT2010\DATAIMPORT2010\DEBUG\DATAIMPORT2010.EXE.EMBED.MANIFEST
G:\GJPX\DATAIMPORT2010\DATAIMPORT2010\DEBUG\DATAIMPORT2010.EXE.EMBED.MANIFEST.RES
G:\GJPX\DATAIMPORT2010\DATAIMPORT2010\DEBUG\DATAIMPORT2010.EXE.INTERMEDIATE.MANIFEST
G:\GJPX\DATAIMPORT2010\DATAIMPORT2010\DEBUG\DATAIMPORT2010.OBJ
G:\GJPX\DATAIMPORT2010\DATAIMPORT2010\DEBUG\DATAIMPORT2010.PCH
G:\GJPX\DataImport2010\DataImport2010\Debug\DataImport2010.write.1.tlog
G:\GJPX\DataImport2010\DataImport2010\Debug\DataImport2010_manifest.rc
G:\GJPX\DATAIMPORT2010\DATAIMPORT2010\DEBUG\DATAIMPORTUTILS.OBJ
G:\GJPX\DataImport2010\DataImport2010\Debug\link.9272.read.1.tlog
G:\GJPX\DataImport2010\DataImport2010\Debug\link.9272.write.1.tlog
G:\GJPX\DataImport2010\DataImport2010\Debug\link.9272-cvtres.read.1.tlog
G:\GJPX\DataImport2010\DataImport2010\Debug\link.9272-cvtres.write.1.tlog
G:\GJPX\DataImport2010\DataImport2010\Debug\link.command.1.tlog
G:\GJPX\DataImport2010\DataImport2010\Debug\link.read.1.tlog
G:\GJPX\DataImport2010\DataImport2010\Debug\link.write.1.tlog
G:\GJPX\DataImport2010\DataImport2010\Debug\link-cvtres.read.1.tlog
G:\GJPX\DataImport2010\DataImport2010\Debug\link-cvtres.write.1.tlog
G:\GJPX\DataImport2010\DataImport2010\Debug\mt.command.1.tlog
G:\GJPX\DataImport2010\DataImport2010\Debug\mt.read.1.tlog
G:\GJPX\DataImport2010\DataImport2010\Debug\mt.write.1.tlog
G:\GJPX\DataImport2010\DataImport2010\Debug\rc.command.1.tlog
G:\GJPX\DataImport2010\DataImport2010\Debug\rc.read.1.tlog
G:\GJPX\DataImport2010\DataImport2010\Debug\rc.write.1.tlog
G:\GJPX\DATAIMPORT2010\DATAIMPORT2010\DEBUG\STDAFX.OBJ
G:\GJPX\DataImport2010\DataImport2010\Debug\vc100.idb
G:\GJPX\DATAIMPORT2010\DATAIMPORT2010\DEBUG\VC100.PDB
G:\GJPX\DATAIMPORT2010\DATAIMPORT2010\DEBUG\ZIP.OBJ
G:\GJPX\DATAIMPORT2010\DEBUG\DATAIMPORT2010.EXE
G:\GJPX\DataImport2010\Debug\DataImport2010.exp
G:\GJPX\DATAIMPORT2010\DEBUG\DATAIMPORT2010.ILK
G:\GJPX\DataImport2010\Debug\DataImport2010.lib
G:\GJPX\DATAIMPORT2010\DEBUG\DATAIMPORT2010.PDB
