G:\GJPX\DataImport2010\DataImport2010\Release\cl.command.1.tlog
G:\GJPX\DataImport2010\DataImport2010\Release\CL.read.1.tlog
G:\GJPX\DataImport2010\DataImport2010\Release\CL.write.1.tlog
G:\GJPX\DATAIMPORT2010\DATAIMPORT2010\RELEASE\DATAIMPORT.OBJ
G:\GJPX\DATAIMPORT2010\DATAIMPORT2010\RELEASE\DATAIMPORT2010.EXE.INTERMEDIATE.MANIFEST
G:\GJPX\DATAIMPORT2010\DATAIMPORT2010\RELEASE\DATAIMPORT2010.OBJ
G:\GJPX\DataImport2010\DataImport2010\Release\DataImport2010.pch
G:\GJPX\DataImport2010\DataImport2010\Release\DataImport2010.vcxprojResolveAssemblyReference.cache
G:\GJPX\DataImport2010\DataImport2010\Release\DataImport2010.write.1.tlog
G:\GJPX\DATAIMPORT2010\DATAIMPORT2010\RELEASE\DATAIMPORTUTILS.OBJ
G:\GJPX\DataImport2010\DataImport2010\Release\link.command.1.tlog
G:\GJPX\DataImport2010\DataImport2010\Release\link.read.1.tlog
G:\GJPX\DataImport2010\DataImport2010\Release\link.write.1.tlog
G:\GJPX\DataImport2010\DataImport2010\Release\mt.command.1.tlog
G:\GJPX\DataImport2010\DataImport2010\Release\mt.read.1.tlog
G:\GJPX\DataImport2010\DataImport2010\Release\mt.write.1.tlog
G:\GJPX\DATAIMPORT2010\DATAIMPORT2010\RELEASE\STDAFX.OBJ
G:\GJPX\DATAIMPORT2010\DATAIMPORT2010\RELEASE\VC100.PDB
G:\GJPX\DATAIMPORT2010\DATAIMPORT2010\RELEASE\ZIP.OBJ
G:\GJPX\DATAIMPORT2010\RELEASE\DATAIMPORT2010.EXE
G:\GJPX\DataImport2010\Release\DataImport2010.exp
G:\GJPX\DataImport2010\Release\DataImport2010.lib
G:\GJPX\DATAIMPORT2010\RELEASE\DATAIMPORT2010.PDB
