c:\users\pc\desktop\dataimport2010\dataimport2010\x64\debug\dataimport2010.pch
c:\users\pc\desktop\dataimport2010\dataimport2010\x64\debug\stdafx.obj
c:\users\pc\desktop\dataimport2010\dataimport2010\x64\debug\vc120.pdb
c:\users\pc\desktop\dataimport2010\dataimport2010\x64\debug\zip.obj
c:\users\pc\desktop\dataimport2010\dataimport2010\x64\debug\dataimportutils.obj
c:\users\pc\desktop\dataimport2010\dataimport2010\x64\debug\dataimport.obj
c:\users\pc\desktop\dataimport2010\dataimport2010\x64\debug\dataimport2010.obj
c:\users\pc\desktop\dataimport2010\x64\debug\dataimport2010.lib
c:\users\pc\desktop\dataimport2010\x64\debug\dataimport2010.exp
c:\users\pc\desktop\dataimport2010\x64\debug\dataimport2010.ilk
c:\users\pc\desktop\dataimport2010\x64\debug\dataimport2010.exe
c:\users\pc\desktop\dataimport2010\x64\debug\dataimport2010.pdb
c:\users\pc\desktop\dataimport2010\dataimport2010\x64\debug\vc120.idb
c:\users\pc\desktop\dataimport2010\dataimport2010\x64\debug\vc120_ib_1.idb
c:\users\pc\desktop\dataimport2010\dataimport2010\x64\debug\vc120_ib_2.idb
c:\users\pc\desktop\dataimport2010\dataimport2010\x64\debug\vc120_ib_3.idb
c:\users\pc\desktop\dataimport2010\dataimport2010\x64\debug\vc120_ib_4.idb
c:\users\pc\desktop\dataimport2010\dataimport2010\x64\debug\vc120_ib_1.pdb
c:\users\pc\desktop\dataimport2010\dataimport2010\x64\debug\vc120_ib_2.pdb
c:\users\pc\desktop\dataimport2010\dataimport2010\x64\debug\vc120_ib_3.pdb
c:\users\pc\desktop\dataimport2010\dataimport2010\x64\debug\vc120_ib_4.pdb
c:\users\pc\desktop\dataimport2010\dataimport2010\x64\debug\dataimport2010.tlog\cl.command.1.tlog
c:\users\pc\desktop\dataimport2010\dataimport2010\x64\debug\dataimport2010.tlog\cl.read.1.tlog
c:\users\pc\desktop\dataimport2010\dataimport2010\x64\debug\dataimport2010.tlog\cl.write.1.tlog
c:\users\pc\desktop\dataimport2010\dataimport2010\x64\debug\dataimport2010.tlog\dataimport2010.write.1u.tlog
c:\users\pc\desktop\dataimport2010\dataimport2010\x64\debug\dataimport2010.tlog\link.command.1.tlog
c:\users\pc\desktop\dataimport2010\dataimport2010\x64\debug\dataimport2010.tlog\link.read.1.tlog
c:\users\pc\desktop\dataimport2010\dataimport2010\x64\debug\dataimport2010.tlog\link.write.1.tlog
